Flow report for DE1_SOC_NIOS
Wed Feb 01 14:59:20 2017
Quartus II 64-Bit Version 15.0.0 Build 145 04/22/2015 SJ Web Edition


---------------------
; Table of Contents ;
---------------------
  1. Legal Notice
  2. Flow Summary
  3. Flow Settings
  4. Flow Non-Default Global Settings
  5. Flow Elapsed Time
  6. Flow OS Summary
  7. Flow Log
  8. Flow Messages
  9. Flow Suppressed Messages



----------------
; Legal Notice ;
----------------
Copyright (C) 1991-2015 Altera Corporation. All rights reserved.
Your use of Altera Corporation's design tools, logic functions 
and other software and tools, and its AMPP partner logic 
functions, and any output files from any of the foregoing 
(including device programming or simulation files), and any 
associated documentation or information are expressly subject 
to the terms and conditions of the Altera Program License 
Subscription Agreement, the Altera Quartus II License Agreement,
the Altera MegaCore Function License Agreement, or other 
applicable license agreement, including, without limitation, 
that your use is for the sole purpose of programming logic 
devices manufactured by Altera and sold by Altera or its 
authorized distributors.  Please refer to the applicable 
agreement for further details.



+------------------------------------------------------------------------------+
; Flow Summary                                                                 ;
+---------------------------------+--------------------------------------------+
; Flow Status                     ; Successful - Wed Feb 01 14:58:38 2017      ;
; Quartus II 64-Bit Version       ; 15.0.0 Build 145 04/22/2015 SJ Web Edition ;
; Revision Name                   ; DE1_SOC_NIOS                               ;
; Top-level Entity Name           ; DE1_SOC_NIOS                               ;
; Family                          ; Cyclone V                                  ;
; Device                          ; 5CSEMA5F31C6                               ;
; Timing Models                   ; Final                                      ;
; Logic utilization (in ALMs)     ; 2,967 / 32,070 ( 9 % )                     ;
; Total registers                 ; 4098                                       ;
; Total pins                      ; 207 / 457 ( 45 % )                         ;
; Total virtual pins              ; 0                                          ;
; Total block memory bits         ; 3,194,496 / 4,065,280 ( 79 % )             ;
; Total DSP Blocks                ; 2 / 87 ( 2 % )                             ;
; Total HSSI RX PCSs              ; 0                                          ;
; Total HSSI PMA RX Deserializers ; 0                                          ;
; Total HSSI TX PCSs              ; 0                                          ;
; Total HSSI PMA TX Serializers   ; 0                                          ;
; Total PLLs                      ; 2 / 6 ( 33 % )                             ;
; Total DLLs                      ; 0 / 4 ( 0 % )                              ;
+---------------------------------+--------------------------------------------+


+-----------------------------------------+
; Flow Settings                           ;
+-------------------+---------------------+
; Option            ; Setting             ;
+-------------------+---------------------+
; Start date & time ; 02/01/2017 14:54:08 ;
; Main task         ; Compilation         ;
; Revision Name     ; DE1_SOC_NIOS        ;
+-------------------+---------------------+


+------------------------------------------------------------------------------------------------------------------------------------------------+
; Flow Non-Default Global Settings                                                                                                               ;
+-------------------------------------+---------------------------------------------------------------+---------------+-------------+------------+
; Assignment Name                     ; Value                                                         ; Default Value ; Entity Name ; Section Id ;
+-------------------------------------+---------------------------------------------------------------+---------------+-------------+------------+
; COMPILER_SIGNATURE_ID               ; 48751580087369.148598964715420                                ; --            ; --          ; --         ;
; MAX_CORE_JUNCTION_TEMP              ; 85                                                            ; --            ; --          ; --         ;
; MIN_CORE_JUNCTION_TEMP              ; 0                                                             ; --            ; --          ; --         ;
; MISC_FILE                           ; ColourPallette_2PortRam.bsf                                   ; --            ; --          ; --         ;
; MISC_FILE                           ; ColourPallette_2PortRam.cmp                                   ; --            ; --          ; --         ;
; MISC_FILE                           ; VideoRamFrameBuffer.cmp                                       ; --            ; --          ; --         ;
; MISC_FILE                           ; nios_system/synthesis/../nios_system.cmp                      ; --            ; --          ; --         ;
; MISC_FILE                           ; nios_system/synthesis/../../nios_system.qsys                  ; --            ; --          ; --         ;
; MISC_FILE                           ; PLL30MhzV1.cmp                                                ; --            ; --          ; --         ;
; MISC_FILE                           ; PLL30MhzV1_sim/PLL30MhzV1.vho                                 ; --            ; --          ; --         ;
; PARTITION_COLOR                     ; 16764057                                                      ; --            ; --          ; Top        ;
; PARTITION_FITTER_PRESERVATION_LEVEL ; PLACEMENT_AND_ROUTING                                         ; --            ; --          ; Top        ;
; PARTITION_NETLIST_TYPE              ; SOURCE                                                        ; --            ; --          ; Top        ;
; POWER_BOARD_THERMAL_MODEL           ; None (CONSERVATIVE)                                           ; --            ; --          ; --         ;
; POWER_PRESET_COOLING_SOLUTION       ; 23 MM HEAT SINK WITH 200 LFPM AIRFLOW                         ; --            ; --          ; --         ;
; SLD_FILE                            ; nios_system/synthesis/nios_system.regmap                      ; --            ; --          ; --         ;
; SLD_FILE                            ; nios_system/synthesis/nios_system.debuginfo                   ; --            ; --          ; --         ;
; SLD_INFO                            ; QSYS_NAME nios_system HAS_SOPCINFO 1 GENERATION_ID 1485305552 ; --            ; nios_system ; --         ;
; SOPCINFO_FILE                       ; nios_system/synthesis/../../nios_system.sopcinfo              ; --            ; --          ; --         ;
; SPD_FILE                            ; PLL30MhzV1.spd                                                ; --            ; --          ; --         ;
; SYNTHESIS_ONLY_QIP                  ; On                                                            ; --            ; --          ; --         ;
; SYNTHESIS_ONLY_QIP                  ; On                                                            ; --            ; --          ; --         ;
+-------------------------------------+---------------------------------------------------------------+---------------+-------------+------------+


+-------------------------------------------------------------------------------------------------------------------------------+
; Flow Elapsed Time                                                                                                             ;
+---------------------------+--------------+-------------------------+---------------------+------------------------------------+
; Module Name               ; Elapsed Time ; Average Processors Used ; Peak Virtual Memory ; Total CPU Time (on all processors) ;
+---------------------------+--------------+-------------------------+---------------------+------------------------------------+
; Analysis & Synthesis      ; 00:00:54     ; 1.6                     ; 1071 MB             ; 00:01:45                           ;
; Fitter                    ; 00:03:03     ; 2.2                     ; 2870 MB             ; 00:05:03                           ;
; Assembler                 ; 00:00:20     ; 1.0                     ; 901 MB              ; 00:00:18                           ;
; TimeQuest Timing Analyzer ; 00:00:39     ; 1.9                     ; 1487 MB             ; 00:01:12                           ;
; Total                     ; 00:04:56     ; --                      ; --                  ; 00:08:18                           ;
+---------------------------+--------------+-------------------------+---------------------+------------------------------------+


+----------------------------------------------------------------------------------------+
; Flow OS Summary                                                                        ;
+---------------------------+------------------+-----------+------------+----------------+
; Module Name               ; Machine Hostname ; OS Name   ; OS Version ; Processor type ;
+---------------------------+------------------+-----------+------------+----------------+
; Analysis & Synthesis      ; DESKTOP-7QC1JMF  ; Windows 7 ; 6.2        ; x86_64         ;
; Fitter                    ; DESKTOP-7QC1JMF  ; Windows 7 ; 6.2        ; x86_64         ;
; Assembler                 ; DESKTOP-7QC1JMF  ; Windows 7 ; 6.2        ; x86_64         ;
; TimeQuest Timing Analyzer ; DESKTOP-7QC1JMF  ; Windows 7 ; 6.2        ; x86_64         ;
+---------------------------+------------------+-----------+------------+----------------+


------------
; Flow Log ;
------------
quartus_map --read_settings_files=on --write_settings_files=off DE1_SOC_NIOS -c DE1_SOC_NIOS
quartus_fit --read_settings_files=off --write_settings_files=off DE1_SOC_NIOS -c DE1_SOC_NIOS
quartus_asm --read_settings_files=off --write_settings_files=off DE1_SOC_NIOS -c DE1_SOC_NIOS
quartus_sta DE1_SOC_NIOS -c DE1_SOC_NIOS



